1505317718729	geckodriver	INFO	geckodriver 0.18.0
1505317718738	geckodriver	INFO	Listening on 127.0.0.1:53732
1505317719347	geckodriver::marionette	INFO	Starting browser C:\Program Files\Mozilla Firefox\firefox.exe with args ["-marionette"]
1505317719675	addons.xpi	WARN	Error parsing extensions state: [Exception... "Component returned failure code: 0x80520012 (NS_ERROR_FILE_NOT_FOUND) [amIAddonManagerStartup.readStartupData]"  nsresult: "0x80520012 (NS_ERROR_FILE_NOT_FOUND)"  location: "JS frame :: resource://gre/modules/addons/XPIProvider.jsm :: loadExtensionState :: line 1596"  data: no] Stack trace: loadExtensionState()@resource://gre/modules/addons/XPIProvider.jsm:1596 < getInstallState()@resource://gre/modules/addons/XPIProvider.jsm:1631 < checkForChanges()@resource://gre/modules/addons/XPIProvider.jsm:3152 < startup()@resource://gre/modules/addons/XPIProvider.jsm:2246 < callProvider()@resource://gre/modules/AddonManager.jsm:271 < _startProvider()@resource://gre/modules/AddonManager.jsm:741 < startup()@resource://gre/modules/AddonManager.jsm:908 < startup()@resource://gre/modules/AddonManager.jsm:3122 < observe()@jar:file:///C:/Program%20Files/Mozilla%20Firefox/omni.ja!/components/addonManager.js:65
1505317720226	Marionette	INFO	Enabled via --marionette
Unable to read VR Path Registry from C:\Users\odanowhome\AppData\Local\openvr\openvrpaths.vrpath
[GPU 6400] WARNING: pipe error: 109: file c:/builds/moz2_slave/m-rel-w64-00000000000000000000/build/src/ipc/chromium/src/chrome/common/ipc_channel_win.cc, line 346
1505317724218	Marionette	INFO	Listening on port 53736
Unable to read VR Path Registry from C:\Users\odanowhome\AppData\Local\openvr\openvrpaths.vrpath
[Child 6708] WARNING: pipe error: 109: file c:/builds/moz2_slave/m-rel-w64-00000000000000000000/build/src/ipc/chromium/src/chrome/common/ipc_channel_win.cc, line 346
[Child 6708] WARNING: pipe error: 109: file c:/builds/moz2_slave/m-rel-w64-00000000000000000000/build/src/ipc/chromium/src/chrome/common/ipc_channel_win.cc, line 346
1505317724329	Marionette	INFO	Listening on port 53736
1505317724819	Marionette	WARN	TLS certificate errors will be ignored for this session
1505317724905	Marionette	DEBUG	loaded listener.js
1505317725006	Marionette	DEBUG	Received DOM event "beforeunload" for "about:blank"
1505317725894	Marionette	DEBUG	Received DOM event "pagehide" for "about:blank"
1505317725895	Marionette	DEBUG	Received DOM event "unload" for "about:blank"
1505317726728	Marionette	DEBUG	Received DOM event "DOMContentLoaded" for "https://www.facebook.com/"
1505317726742	Marionette	DEBUG	Received DOM event "DOMContentLoaded" for "https://www.facebook.com/"
1505317726747	Marionette	DEBUG	Received DOM event "pageshow" for "https://www.facebook.com/"
1505317726748	Marionette	DEBUG	Received DOM event "DOMContentLoaded" for "https://www.facebook.com/"
1505317726752	Marionette	DEBUG	Received DOM event "pageshow" for "https://www.facebook.com/"
1505317728472	Marionette	DEBUG	Received DOM event "DOMContentLoaded" for "https://staticxx.facebook.com/common/referer_frame.php"
1505317728485	Marionette	DEBUG	Received DOM event "pageshow" for "https://staticxx.facebook.com/common/referer_frame.php"
1505317728495	Marionette	DEBUG	Received DOM event "DOMContentLoaded" for "https://staticxx.facebook.com/common/referer_frame.php"
1505317728502	Marionette	DEBUG	Received DOM event "pageshow" for "https://staticxx.facebook.com/common/referer_frame.php"
1505317728513	Marionette	DEBUG	Received DOM event "DOMContentLoaded" for "https://staticxx.facebook.com/common/referer_frame.php"
1505317728518	Marionette	DEBUG	Received DOM event "pageshow" for "https://staticxx.facebook.com/common/referer_frame.php"
1505317728566	Marionette	DEBUG	Received DOM event "pageshow" for "https://www.facebook.com/"
[GFX1-]: Receive IPC close with reason=AbnormalShutdown
1505317954607	geckodriver	INFO	geckodriver 0.18.0
1505317954614	geckodriver	INFO	Listening on 127.0.0.1:53790
1505317955161	geckodriver::marionette	INFO	Starting browser C:\Program Files\Mozilla Firefox\firefox.exe with args ["-marionette"]
1505317955435	addons.xpi	WARN	Error parsing extensions state: [Exception... "Component returned failure code: 0x80520012 (NS_ERROR_FILE_NOT_FOUND) [amIAddonManagerStartup.readStartupData]"  nsresult: "0x80520012 (NS_ERROR_FILE_NOT_FOUND)"  location: "JS frame :: resource://gre/modules/addons/XPIProvider.jsm :: loadExtensionState :: line 1596"  data: no] Stack trace: loadExtensionState()@resource://gre/modules/addons/XPIProvider.jsm:1596 < getInstallState()@resource://gre/modules/addons/XPIProvider.jsm:1631 < checkForChanges()@resource://gre/modules/addons/XPIProvider.jsm:3152 < startup()@resource://gre/modules/addons/XPIProvider.jsm:2246 < callProvider()@resource://gre/modules/AddonManager.jsm:271 < _startProvider()@resource://gre/modules/AddonManager.jsm:741 < startup()@resource://gre/modules/AddonManager.jsm:908 < startup()@resource://gre/modules/AddonManager.jsm:3122 < observe()@jar:file:///C:/Program%20Files/Mozilla%20Firefox/omni.ja!/components/addonManager.js:65
1505317955861	Marionette	INFO	Enabled via --marionette
1505317957877	Marionette	INFO	Listening on port 53794
1505317957928	Marionette	INFO	Listening on port 53794
1505317958296	Marionette	WARN	TLS certificate errors will be ignored for this session
1505317958351	Marionette	DEBUG	loaded listener.js
1505317958430	Marionette	DEBUG	Received DOM event "beforeunload" for "about:blank"
1505317958998	Marionette	DEBUG	Received DOM event "pagehide" for "about:blank"
1505317958999	Marionette	DEBUG	Received DOM event "unload" for "about:blank"
1505317959596	Marionette	DEBUG	Received DOM event "DOMContentLoaded" for "https://www.facebook.com/"
1505317959674	Marionette	DEBUG	Received DOM event "DOMContentLoaded" for "https://www.facebook.com/"
1505317959676	Marionette	DEBUG	Received DOM event "pageshow" for "https://www.facebook.com/"
1505317959677	Marionette	DEBUG	Received DOM event "DOMContentLoaded" for "https://www.facebook.com/"
1505317959679	Marionette	DEBUG	Received DOM event "pageshow" for "https://www.facebook.com/"
1505317961126	Marionette	DEBUG	Received DOM event "DOMContentLoaded" for "https://staticxx.facebook.com/common/referer_frame.php"
1505317961137	Marionette	DEBUG	Received DOM event "pageshow" for "https://staticxx.facebook.com/common/referer_frame.php"
1505317961139	Marionette	DEBUG	Received DOM event "DOMContentLoaded" for "https://staticxx.facebook.com/common/referer_frame.php"
1505317961172	Marionette	DEBUG	Received DOM event "pageshow" for "https://staticxx.facebook.com/common/referer_frame.php"
1505317961187	Marionette	DEBUG	Received DOM event "DOMContentLoaded" for "https://staticxx.facebook.com/common/referer_frame.php"
1505317961198	Marionette	DEBUG	Received DOM event "pageshow" for "https://staticxx.facebook.com/common/referer_frame.php"
1505317961235	Marionette	DEBUG	Received DOM event "pageshow" for "https://www.facebook.com/"

###!!! [Child][MessageChannel] Error: (msgtype=0x8A0001,name=PLayerTransaction::Msg_InitReadLocks) Channel error: cannot send/recv

1505318027393	geckodriver	INFO	geckodriver 0.18.0
1505318027401	geckodriver	INFO	Listening on 127.0.0.1:53842
1505318027948	geckodriver::marionette	INFO	Starting browser C:\Program Files\Mozilla Firefox\firefox.exe with args ["-marionette"]
1505318028207	addons.xpi	WARN	Error parsing extensions state: [Exception... "Component returned failure code: 0x80520012 (NS_ERROR_FILE_NOT_FOUND) [amIAddonManagerStartup.readStartupData]"  nsresult: "0x80520012 (NS_ERROR_FILE_NOT_FOUND)"  location: "JS frame :: resource://gre/modules/addons/XPIProvider.jsm :: loadExtensionState :: line 1596"  data: no] Stack trace: loadExtensionState()@resource://gre/modules/addons/XPIProvider.jsm:1596 < getInstallState()@resource://gre/modules/addons/XPIProvider.jsm:1631 < checkForChanges()@resource://gre/modules/addons/XPIProvider.jsm:3152 < startup()@resource://gre/modules/addons/XPIProvider.jsm:2246 < callProvider()@resource://gre/modules/AddonManager.jsm:271 < _startProvider()@resource://gre/modules/AddonManager.jsm:741 < startup()@resource://gre/modules/AddonManager.jsm:908 < startup()@resource://gre/modules/AddonManager.jsm:3122 < observe()@jar:file:///C:/Program%20Files/Mozilla%20Firefox/omni.ja!/components/addonManager.js:65
1505318028665	Marionette	INFO	Enabled via --marionette
Unable to read VR Path Registry from C:\Users\odanowhome\AppData\Local\openvr\openvrpaths.vrpath
[GPU 6848] WARNING: pipe error: 109: file c:/builds/moz2_slave/m-rel-w64-00000000000000000000/build/src/ipc/chromium/src/chrome/common/ipc_channel_win.cc, line 346
Unable to read VR Path Registry from C:\Users\odanowhome\AppData\Local\openvr\openvrpaths.vrpath
[Child 4232] WARNING: pipe error: 109: file c:/builds/moz2_slave/m-rel-w64-00000000000000000000/build/src/ipc/chromium/src/chrome/common/ipc_channel_win.cc, line 346
[Child 4232] WARNING: pipe error: 109: file c:/builds/moz2_slave/m-rel-w64-00000000000000000000/build/src/ipc/chromium/src/chrome/common/ipc_channel_win.cc, line 346
1505318031854	Marionette	INFO	Listening on port 53846
1505318031938	Marionette	INFO	Listening on port 53846
1505318032195	Marionette	WARN	TLS certificate errors will be ignored for this session
1505318032290	Marionette	DEBUG	loaded listener.js
1505318032549	Marionette	DEBUG	Received DOM event "beforeunload" for "about:blank"
1505318032913	Marionette	DEBUG	Received DOM event "pagehide" for "about:blank"
1505318032914	Marionette	DEBUG	Received DOM event "unload" for "about:blank"
1505318033806	Marionette	DEBUG	Received DOM event "DOMContentLoaded" for "https://www.python.org/"
1505318034722	Marionette	DEBUG	Received DOM event "pageshow" for "https://www.python.org/"
[GFX1-]: Receive IPC close with reason=AbnormalShutdown
1505318074969	geckodriver	INFO	geckodriver 0.18.0
1505318074978	geckodriver	INFO	Listening on 127.0.0.1:53891
1505318075523	geckodriver::marionette	INFO	Starting browser C:\Program Files\Mozilla Firefox\firefox.exe with args ["-marionette"]
1505318075785	addons.xpi	WARN	Error parsing extensions state: [Exception... "Component returned failure code: 0x80520012 (NS_ERROR_FILE_NOT_FOUND) [amIAddonManagerStartup.readStartupData]"  nsresult: "0x80520012 (NS_ERROR_FILE_NOT_FOUND)"  location: "JS frame :: resource://gre/modules/addons/XPIProvider.jsm :: loadExtensionState :: line 1596"  data: no] Stack trace: loadExtensionState()@resource://gre/modules/addons/XPIProvider.jsm:1596 < getInstallState()@resource://gre/modules/addons/XPIProvider.jsm:1631 < checkForChanges()@resource://gre/modules/addons/XPIProvider.jsm:3152 < startup()@resource://gre/modules/addons/XPIProvider.jsm:2246 < callProvider()@resource://gre/modules/AddonManager.jsm:271 < _startProvider()@resource://gre/modules/AddonManager.jsm:741 < startup()@resource://gre/modules/AddonManager.jsm:908 < startup()@resource://gre/modules/AddonManager.jsm:3122 < observe()@jar:file:///C:/Program%20Files/Mozilla%20Firefox/omni.ja!/components/addonManager.js:65
1505318076219	Marionette	INFO	Enabled via --marionette
Unable to read VR Path Registry from C:\Users\odanowhome\AppData\Local\openvr\openvrpaths.vrpath
[GPU 3456] WARNING: pipe error: 109: file c:/builds/moz2_slave/m-rel-w64-00000000000000000000/build/src/ipc/chromium/src/chrome/common/ipc_channel_win.cc, line 346
1505318078524	Marionette	INFO	Listening on port 53895
Unable to read VR Path Registry from C:\Users\odanowhome\AppData\Local\openvr\openvrpaths.vrpath
[Child 5984] WARNING: pipe error: 109: file c:/builds/moz2_slave/m-rel-w64-00000000000000000000/build/src/ipc/chromium/src/chrome/common/ipc_channel_win.cc, line 346
[Child 5984] WARNING: pipe error: 109: file c:/builds/moz2_slave/m-rel-w64-00000000000000000000/build/src/ipc/chromium/src/chrome/common/ipc_channel_win.cc, line 346
1505318078762	Marionette	WARN	TLS certificate errors will be ignored for this session
1505318078832	Marionette	DEBUG	loaded listener.js
1505318078879	Marionette	INFO	Listening on port 53895
1505318078891	Marionette	DEBUG	Received DOM event "beforeunload" for "about:blank"
1505318079068	Marionette	DEBUG	Received DOM event "pagehide" for "about:blank"
1505318079068	Marionette	DEBUG	Received DOM event "unload" for "about:blank"
1505318080515	Marionette	DEBUG	Received DOM event "DOMContentLoaded" for "https://www.python.org/"
1505318080876	Marionette	DEBUG	Received DOM event "pageshow" for "https://www.python.org/"

###!!! [Child][MessageChannel] Error: (msgtype=0x3E0035,name=PCompositorBridge::Msg_PTextureConstructor) Channel error: cannot send/recv

1505318194387	geckodriver	INFO	geckodriver 0.18.0
1505318194396	geckodriver	INFO	Listening on 127.0.0.1:53938
1505318194933	geckodriver::marionette	INFO	Starting browser C:\Program Files\Mozilla Firefox\firefox.exe with args ["-marionette"]
1505318195275	addons.xpi	WARN	Error parsing extensions state: [Exception... "Component returned failure code: 0x80520012 (NS_ERROR_FILE_NOT_FOUND) [amIAddonManagerStartup.readStartupData]"  nsresult: "0x80520012 (NS_ERROR_FILE_NOT_FOUND)"  location: "JS frame :: resource://gre/modules/addons/XPIProvider.jsm :: loadExtensionState :: line 1596"  data: no] Stack trace: loadExtensionState()@resource://gre/modules/addons/XPIProvider.jsm:1596 < getInstallState()@resource://gre/modules/addons/XPIProvider.jsm:1631 < checkForChanges()@resource://gre/modules/addons/XPIProvider.jsm:3152 < startup()@resource://gre/modules/addons/XPIProvider.jsm:2246 < callProvider()@resource://gre/modules/AddonManager.jsm:271 < _startProvider()@resource://gre/modules/AddonManager.jsm:741 < startup()@resource://gre/modules/AddonManager.jsm:908 < startup()@resource://gre/modules/AddonManager.jsm:3122 < observe()@jar:file:///C:/Program%20Files/Mozilla%20Firefox/omni.ja!/components/addonManager.js:65
1505318195862	Marionette	INFO	Enabled via --marionette
Unable to read VR Path Registry from C:\Users\odanowhome\AppData\Local\openvr\openvrpaths.vrpath
[GPU 4348] WARNING: pipe error: 109: file c:/builds/moz2_slave/m-rel-w64-00000000000000000000/build/src/ipc/chromium/src/chrome/common/ipc_channel_win.cc, line 346
Unable to read VR Path Registry from C:\Users\odanowhome\AppData\Local\openvr\openvrpaths.vrpath
[Child 5240] WARNING: pipe error: 109: file c:/builds/moz2_slave/m-rel-w64-00000000000000000000/build/src/ipc/chromium/src/chrome/common/ipc_channel_win.cc, line 346
[Child 5240] WARNING: pipe error: 109: file c:/builds/moz2_slave/m-rel-w64-00000000000000000000/build/src/ipc/chromium/src/chrome/common/ipc_channel_win.cc, line 346
1505318198225	Marionette	INFO	Listening on port 53942
1505318198516	Marionette	INFO	Listening on port 53942
1505318199178	Marionette	WARN	TLS certificate errors will be ignored for this session
1505318199249	Marionette	DEBUG	loaded listener.js
1505318199298	Marionette	DEBUG	Received DOM event "beforeunload" for "about:blank"
1505318199589	Marionette	DEBUG	Received DOM event "pagehide" for "about:blank"
1505318199592	Marionette	DEBUG	Received DOM event "unload" for "about:blank"
1505318200186	Marionette	DEBUG	Received DOM event "DOMContentLoaded" for "https://www.python.org/"
1505318200989	Marionette	DEBUG	Received DOM event "pageshow" for "https://www.python.org/"
[GFX1-]: Receive IPC close with reason=AbnormalShutdown
1505318790743	geckodriver	INFO	geckodriver 0.18.0
1505318790751	geckodriver	INFO	Listening on 127.0.0.1:54371
1505318791290	geckodriver::marionette	INFO	Starting browser C:\Program Files\Mozilla Firefox\firefox.exe with args ["-marionette"]
1505318791550	addons.xpi	WARN	Error parsing extensions state: [Exception... "Component returned failure code: 0x80520012 (NS_ERROR_FILE_NOT_FOUND) [amIAddonManagerStartup.readStartupData]"  nsresult: "0x80520012 (NS_ERROR_FILE_NOT_FOUND)"  location: "JS frame :: resource://gre/modules/addons/XPIProvider.jsm :: loadExtensionState :: line 1596"  data: no] Stack trace: loadExtensionState()@resource://gre/modules/addons/XPIProvider.jsm:1596 < getInstallState()@resource://gre/modules/addons/XPIProvider.jsm:1631 < checkForChanges()@resource://gre/modules/addons/XPIProvider.jsm:3152 < startup()@resource://gre/modules/addons/XPIProvider.jsm:2246 < callProvider()@resource://gre/modules/AddonManager.jsm:271 < _startProvider()@resource://gre/modules/AddonManager.jsm:741 < startup()@resource://gre/modules/AddonManager.jsm:908 < startup()@resource://gre/modules/AddonManager.jsm:3122 < observe()@jar:file:///C:/Program%20Files/Mozilla%20Firefox/omni.ja!/components/addonManager.js:65
1505318792069	Marionette	INFO	Enabled via --marionette
Unable to read VR Path Registry from C:\Users\odanowhome\AppData\Local\openvr\openvrpaths.vrpath
[GPU 6660] WARNING: pipe error: 109: file c:/builds/moz2_slave/m-rel-w64-00000000000000000000/build/src/ipc/chromium/src/chrome/common/ipc_channel_win.cc, line 346
1505318794256	Marionette	INFO	Listening on port 54375
1505318794364	Marionette	INFO	Listening on port 54375
1505318794505	Marionette	WARN	TLS certificate errors will be ignored for this session
1505318794571	Marionette	DEBUG	loaded listener.js
1505318794600	Marionette	DEBUG	Received DOM event "beforeunload" for "about:blank"
1505318794751	Marionette	DEBUG	Received DOM event "pagehide" for "about:blank"
1505318794751	Marionette	DEBUG	Received DOM event "unload" for "about:blank"
1505318795434	Marionette	DEBUG	Received DOM event "DOMContentLoaded" for "https://www.python.org/"
1505318795821	Marionette	DEBUG	Received DOM event "pageshow" for "https://www.python.org/"
[GFX1-]: Receive IPC close with reason=AbnormalShutdown
1505318840507	geckodriver	INFO	geckodriver 0.18.0
1505318840515	geckodriver	INFO	Listening on 127.0.0.1:54419
1505318841058	geckodriver::marionette	INFO	Starting browser C:\Program Files\Mozilla Firefox\firefox.exe with args ["-marionette"]
1505318841340	addons.xpi	WARN	Error parsing extensions state: [Exception... "Component returned failure code: 0x80520012 (NS_ERROR_FILE_NOT_FOUND) [amIAddonManagerStartup.readStartupData]"  nsresult: "0x80520012 (NS_ERROR_FILE_NOT_FOUND)"  location: "JS frame :: resource://gre/modules/addons/XPIProvider.jsm :: loadExtensionState :: line 1596"  data: no] Stack trace: loadExtensionState()@resource://gre/modules/addons/XPIProvider.jsm:1596 < getInstallState()@resource://gre/modules/addons/XPIProvider.jsm:1631 < checkForChanges()@resource://gre/modules/addons/XPIProvider.jsm:3152 < startup()@resource://gre/modules/addons/XPIProvider.jsm:2246 < callProvider()@resource://gre/modules/AddonManager.jsm:271 < _startProvider()@resource://gre/modules/AddonManager.jsm:741 < startup()@resource://gre/modules/AddonManager.jsm:908 < startup()@resource://gre/modules/AddonManager.jsm:3122 < observe()@jar:file:///C:/Program%20Files/Mozilla%20Firefox/omni.ja!/components/addonManager.js:65
1505318841881	Marionette	INFO	Enabled via --marionette
Unable to read VR Path Registry from C:\Users\odanowhome\AppData\Local\openvr\openvrpaths.vrpath
[Parent 4224] WARNING: pipe error: 109: file c:/builds/moz2_slave/m-rel-w64-00000000000000000000/build/src/ipc/chromium/src/chrome/common/ipc_channel_win.cc, line 346
Unable to read VR Path Registry from C:\Users\odanowhome\AppData\Local\openvr\openvrpaths.vrpath
[GPU 3760] WARNING: pipe error: 109: file c:/builds/moz2_slave/m-rel-w64-00000000000000000000/build/src/ipc/chromium/src/chrome/common/ipc_channel_win.cc, line 346
Unable to read VR Path Registry from C:\Users\odanowhome\AppData\Local\openvr\openvrpaths.vrpath
[Child 4384] WARNING: pipe error: 109: file c:/builds/moz2_slave/m-rel-w64-00000000000000000000/build/src/ipc/chromium/src/chrome/common/ipc_channel_win.cc, line 346
1505318844850	Marionette	INFO	Listening on port 54423
1505318845432	Marionette	INFO	Listening on port 54423
1505318845539	Marionette	WARN	TLS certificate errors will be ignored for this session
1505318845610	Marionette	DEBUG	loaded listener.js
1505318845653	Marionette	DEBUG	Received DOM event "beforeunload" for "about:blank"
1505318845893	Marionette	DEBUG	Received DOM event "pagehide" for "about:blank"
1505318845898	Marionette	DEBUG	Received DOM event "unload" for "about:blank"
1505318846629	Marionette	DEBUG	Received DOM event "DOMContentLoaded" for "https://www.python.org/"
1505318847787	Marionette	DEBUG	Received DOM event "pageshow" for "https://www.python.org/"
1505318873233	geckodriver	INFO	geckodriver 0.18.0
1505318873241	geckodriver	INFO	Listening on 127.0.0.1:54469
1505318873781	geckodriver::marionette	INFO	Starting browser C:\Program Files\Mozilla Firefox\firefox.exe with args ["-marionette"]
1505318874059	addons.xpi	WARN	Error parsing extensions state: [Exception... "Component returned failure code: 0x80520012 (NS_ERROR_FILE_NOT_FOUND) [amIAddonManagerStartup.readStartupData]"  nsresult: "0x80520012 (NS_ERROR_FILE_NOT_FOUND)"  location: "JS frame :: resource://gre/modules/addons/XPIProvider.jsm :: loadExtensionState :: line 1596"  data: no] Stack trace: loadExtensionState()@resource://gre/modules/addons/XPIProvider.jsm:1596 < getInstallState()@resource://gre/modules/addons/XPIProvider.jsm:1631 < checkForChanges()@resource://gre/modules/addons/XPIProvider.jsm:3152 < startup()@resource://gre/modules/addons/XPIProvider.jsm:2246 < callProvider()@resource://gre/modules/AddonManager.jsm:271 < _startProvider()@resource://gre/modules/AddonManager.jsm:741 < startup()@resource://gre/modules/AddonManager.jsm:908 < startup()@resource://gre/modules/AddonManager.jsm:3122 < observe()@jar:file:///C:/Program%20Files/Mozilla%20Firefox/omni.ja!/components/addonManager.js:65
1505318874498	Marionette	INFO	Enabled via --marionette
Unable to read VR Path Registry from C:\Users\odanowhome\AppData\Local\openvr\openvrpaths.vrpath
[GPU 1596] WARNING: pipe error: 109: file c:/builds/moz2_slave/m-rel-w64-00000000000000000000/build/src/ipc/chromium/src/chrome/common/ipc_channel_win.cc, line 346
1505318877238	Marionette	INFO	Listening on port 54473
1505318877252	Marionette	INFO	Listening on port 54473
1505318878030	Marionette	WARN	TLS certificate errors will be ignored for this session
1505318878101	Marionette	DEBUG	loaded listener.js
1505318878195	Marionette	DEBUG	Received DOM event "beforeunload" for "about:blank"
1505318878509	Marionette	DEBUG	Received DOM event "pagehide" for "about:blank"
1505318878510	Marionette	DEBUG	Received DOM event "unload" for "about:blank"
1505318880105	Marionette	DEBUG	Received DOM event "DOMContentLoaded" for "https://www.python.org/"
1505318880382	Marionette	DEBUG	Received DOM event "pageshow" for "https://www.python.org/"
1505318978771	geckodriver	INFO	geckodriver 0.18.0
1505318978779	geckodriver	INFO	Listening on 127.0.0.1:54524
1505318979337	geckodriver::marionette	INFO	Starting browser C:\Program Files\Mozilla Firefox\firefox.exe with args ["-marionette"]
1505318979636	addons.xpi	WARN	Error parsing extensions state: [Exception... "Component returned failure code: 0x80520012 (NS_ERROR_FILE_NOT_FOUND) [amIAddonManagerStartup.readStartupData]"  nsresult: "0x80520012 (NS_ERROR_FILE_NOT_FOUND)"  location: "JS frame :: resource://gre/modules/addons/XPIProvider.jsm :: loadExtensionState :: line 1596"  data: no] Stack trace: loadExtensionState()@resource://gre/modules/addons/XPIProvider.jsm:1596 < getInstallState()@resource://gre/modules/addons/XPIProvider.jsm:1631 < checkForChanges()@resource://gre/modules/addons/XPIProvider.jsm:3152 < startup()@resource://gre/modules/addons/XPIProvider.jsm:2246 < callProvider()@resource://gre/modules/AddonManager.jsm:271 < _startProvider()@resource://gre/modules/AddonManager.jsm:741 < startup()@resource://gre/modules/AddonManager.jsm:908 < startup()@resource://gre/modules/AddonManager.jsm:3122 < observe()@jar:file:///C:/Program%20Files/Mozilla%20Firefox/omni.ja!/components/addonManager.js:65
1505318980140	Marionette	INFO	Enabled via --marionette
1505318981861	Marionette	INFO	Listening on port 54528
1505318981871	Marionette	INFO	Listening on port 54528
1505318981995	Marionette	WARN	TLS certificate errors will be ignored for this session
1505318982074	Marionette	DEBUG	loaded listener.js
1505318982122	Marionette	DEBUG	Received DOM event "beforeunload" for "about:blank"
1505318982329	Marionette	DEBUG	Received DOM event "pagehide" for "about:blank"
1505318982330	Marionette	DEBUG	Received DOM event "unload" for "about:blank"
1505318983102	Marionette	DEBUG	Received DOM event "DOMContentLoaded" for "https://www.python.org/"
1505318983822	Marionette	DEBUG	Received DOM event "pageshow" for "https://www.python.org/"
Unable to read VR Path Registry from C:\Users\odanowhome\AppData\Local\openvr\openvrpaths.vrpath
[GPU 3720] WARNING: pipe error: 109: file c:/builds/moz2_slave/m-rel-w64-00000000000000000000/build/src/ipc/chromium/src/chrome/common/ipc_channel_win.cc, line 346
[GPU 3720] WARNING: pipe error: 109: file c:/builds/moz2_slave/m-rel-w64-00000000000000000000/build/src/ipc/chromium/src/chrome/common/ipc_channel_win.cc, line 346
Unable to read VR Path Registry from C:\Users\odanowhome\AppData\Local\openvr\openvrpaths.vrpath
[Parent 3284] WARNING: pipe error: 109: file c:/builds/moz2_slave/m-rel-w64-00000000000000000000/build/src/ipc/chromium/src/chrome/common/ipc_channel_win.cc, line 346
Unable to read VR Path Registry from C:\Users\odanowhome\AppData\Local\openvr\openvrpaths.vrpath
[Child 6320] WARNING: pipe error: 109: file c:/builds/moz2_slave/m-rel-w64-00000000000000000000/build/src/ipc/chromium/src/chrome/common/ipc_channel_win.cc, line 346

###!!! [Child][MessageChannel::SendAndWait] Error: Channel error: cannot send/recv

